TN:
SF:src/domain/entities/log.entity.ts
FN:22,LogEntity
FN:31,Object.<anonymous>.LogEntity.fromJson
FN:49,Object.<anonymous>.LogEntity.fromObject
FNF:3
FNH:3
FNDA:4,LogEntity
FNDA:1,Object.<anonymous>.LogEntity.fromJson
FNDA:1,Object.<anonymous>.LogEntity.fromObject
DA:1,1
DA:2,2
DA:3,2
DA:4,2
DA:5,2
DA:6,2
DA:7,1
DA:8,1
DA:9,1
DA:10,1
DA:11,1
DA:12,1
DA:13,1
DA:14,1
DA:15,1
DA:16,1
DA:17,1
DA:18,1
DA:19,1
DA:20,1
DA:21,1
DA:22,1
DA:23,4
DA:24,4
DA:25,4
DA:26,4
DA:27,4
DA:28,4
DA:29,4
DA:30,1
DA:31,1
DA:32,1
DA:33,1
DA:34,1
DA:35,1
DA:36,1
DA:37,1
DA:38,1
DA:39,1
DA:40,1
DA:41,1
DA:42,1
DA:43,1
DA:44,1
DA:45,1
DA:46,1
DA:47,1
DA:48,1
DA:49,1
DA:50,1
DA:51,1
DA:52,1
DA:53,1
DA:54,1
DA:55,1
DA:56,1
DA:57,1
DA:58,1
DA:59,1
DA:60,1
DA:61,1
DA:62,1
LF:62
LH:62
BRDA:2,0,0,2
BRDA:22,1,0,4
BRDA:31,2,0,1
BRDA:32,3,0,0
BRDA:49,4,0,1
BRF:5
BRH:4
end_of_record
